<?xml version="1.0" encoding="utf-8"?><testsuites><testsuite name="pytest" errors="0" failures="0" skipped="0" tests="207" time="3.294" timestamp="2025-12-19T18:47:37.568086+00:00" hostname="runnervmh13bl"><testcase classname="tests.api.test_auth_middleware.TestParseBasicAuth" name="test_valid_basic_auth" time="0.002" /><testcase classname="tests.api.test_auth_middleware.TestParseBasicAuth" name="test_password_with_colons" time="0.001" /><testcase classname="tests.api.test_auth_middleware.TestParseBasicAuth" name="test_wrong_scheme_returns_none" time="0.001" /><testcase classname="tests.api.test_auth_middleware.TestParseBasicAuth" name="test_malformed_base64_returns_none" time="0.001" /><testcase classname="tests.api.test_auth_middleware.TestParseBasicAuth" name="test_missing_colon_returns_none" time="0.001" /><testcase classname="tests.api.test_auth_middleware.TestParseBasicAuth" name="test_empty_string_returns_none" time="0.001" /><testcase classname="tests.api.test_auth_middleware.TestParseBasicAuth" name="test_case_insensitive_scheme" time="0.001" /><testcase classname="tests.api.test_auth_middleware.TestVerifyCredentials" name="test_valid_credentials_return_true" time="0.001" /><testcase classname="tests.api.test_auth_middleware.TestVerifyCredentials" name="test_wrong_username_returns_false" time="0.001" /><testcase classname="tests.api.test_auth_middleware.TestVerifyCredentials" name="test_wrong_password_returns_false" time="0.001" /><testcase classname="tests.api.test_auth_middleware.TestVerifyCredentials" name="test_both_wrong_returns_false" time="0.001" /><testcase classname="tests.api.test_auth_middleware.TestVerifyCredentials" name="test_empty_credentials_return_false" time="0.001" /><testcase classname="tests.api.test_auth_middleware.TestVerifyCredentials" name="test_unicode_credentials" time="0.001" /><testcase classname="tests.api.test_auth_middleware.TestAuthConfig" name="test_default_excluded_paths" time="0.001" /><testcase classname="tests.api.test_auth_middleware.TestAuthConfig" name="test_custom_excluded_paths" time="0.001" /><testcase classname="tests.api.test_auth_middleware.TestAuthConfig" name="test_from_settings" time="0.007" /><testcase classname="tests.api.test_auth_middleware.TestMiddlewareAuthDisabled" name="test_requests_pass_without_auth" time="0.067" /><testcase classname="tests.api.test_auth_middleware.TestMiddlewareAuthDisabled" name="test_root_accessible" time="0.005" /><testcase classname="tests.api.test_auth_middleware.TestMiddlewareAuthDisabled" name="test_health_accessible" time="0.004" /><testcase classname="tests.api.test_auth_middleware.TestMiddlewareAuthEnabled" name="test_unauthenticated_request_returns_401" time="0.004" /><testcase classname="tests.api.test_auth_middleware.TestMiddlewareAuthEnabled" name="test_401_includes_www_authenticate_header" time="0.004" /><testcase classname="tests.api.test_auth_middleware.TestMiddlewareAuthEnabled" name="test_valid_credentials_allow_access" time="0.004" /><testcase classname="tests.api.test_auth_middleware.TestMiddlewareAuthEnabled" name="test_invalid_username_returns_401" time="0.004" /><testcase classname="tests.api.test_auth_middleware.TestMiddlewareAuthEnabled" name="test_invalid_password_returns_401" time="0.003" /><testcase classname="tests.api.test_auth_middleware.TestMiddlewareAuthEnabled" name="test_health_bypasses_auth" time="0.004" /><testcase classname="tests.api.test_auth_middleware.TestMiddlewareAuthEnabled" name="test_root_requires_auth" time="0.004" /><testcase classname="tests.api.test_auth_middleware.TestMiddlewareEdgeCases" name="test_malformed_auth_header_returns_401" time="0.004" /><testcase classname="tests.api.test_auth_middleware.TestMiddlewareEdgeCases" name="test_bearer_token_returns_401" time="0.003" /><testcase classname="tests.api.test_auth_middleware.TestMiddlewareEdgeCases" name="test_empty_credentials_returns_401" time="0.004" /><testcase classname="tests.api.test_auth_middleware.TestMiddlewareEdgeCases" name="test_password_with_colons_works" time="0.004" /><testcase classname="tests.api.test_auth_middleware.TestDefaultSettings" name="test_auth_disabled_by_default" time="0.007" /><testcase classname="tests.api.test_auth_middleware.TestDefaultSettings" name="test_default_username_is_admin" time="0.007" /><testcase classname="tests.api.test_auth_middleware.TestDefaultSettings" name="test_default_password_is_empty" time="0.006" /><testcase classname="tests.api.test_disease_endpoints.TestDiseaseListEndpoint" name="test_diseases_returns_200" time="0.330" /><testcase classname="tests.api.test_disease_endpoints.TestDiseaseListEndpoint" name="test_diseases_returns_json" time="0.007" /><testcase classname="tests.api.test_disease_endpoints.TestDiseaseListEndpoint" name="test_diseases_response_structure" time="0.007" /><testcase classname="tests.api.test_disease_endpoints.TestDiseaseListEndpoint" name="test_disease_item_structure" time="0.006" /><testcase classname="tests.api.test_disease_endpoints.TestDiseaseListEndpoint" name="test_diseases_list_not_empty" time="0.006" /><testcase classname="tests.api.test_disease_endpoints.TestDiseaseStatsEndpoint" name="test_stats_valid_disease" time="0.013" /><testcase classname="tests.api.test_disease_endpoints.TestDiseaseStatsEndpoint" name="test_stats_response_structure" time="0.014" /><testcase classname="tests.api.test_disease_endpoints.TestDiseaseStatsEndpoint" name="test_stats_invalid_disease_returns_404" time="0.006" /><testcase classname="tests.api.test_disease_endpoints.TestDiseaseStatsEndpoint" name="test_stats_404_has_detail" time="0.005" /><testcase classname="tests.api.test_disease_endpoints.TestAgeGroupEndpoint" name="test_age_groups_valid_disease" time="0.010" /><testcase classname="tests.api.test_disease_endpoints.TestAgeGroupEndpoint" name="test_age_groups_response_structure" time="0.011" /><testcase classname="tests.api.test_disease_endpoints.TestAgeGroupEndpoint" name="test_age_groups_invalid_disease_returns_404" time="0.006" /><testcase classname="tests.api.test_disease_endpoints.TestSummaryStatsEndpoint" name="test_stats_returns_200" time="0.014" /><testcase classname="tests.api.test_disease_endpoints.TestSummaryStatsEndpoint" name="test_stats_response_structure" time="0.015" /><testcase classname="tests.api.test_disease_endpoints.TestSummaryStatsEndpoint" name="test_stats_values_reasonable" time="0.012" /><testcase classname="tests.api.test_error_handling.TestNotFoundErrors" name="test_404_invalid_disease_slug[/api/data/disease/nonexistent-disease-xyz/stats]" time="0.006" /><testcase classname="tests.api.test_error_handling.TestNotFoundErrors" name="test_404_invalid_disease_slug[/api/data/disease/nonexistent-disease-xyz/age-groups]" time="0.005" /><testcase classname="tests.api.test_error_handling.TestNotFoundErrors" name="test_404_invalid_disease_slug[/api/data/timeseries/national/nonexistent-disease-xyz]" time="0.006" /><testcase classname="tests.api.test_error_handling.TestNotFoundErrors" name="test_404_invalid_disease_slug[/api/data/timeseries/states/nonexistent-disease-xyz]" time="0.005" /><testcase classname="tests.api.test_error_handling.TestNotFoundErrors" name="test_404_response_has_detail" time="0.005" /><testcase classname="tests.api.test_error_handling.TestNotFoundErrors" name="test_404_mentions_disease" time="0.005" /><testcase classname="tests.api.test_error_handling.TestContentTypeErrors" name="test_json_endpoints_return_json" time="0.022" /><testcase classname="tests.api.test_health_endpoints.TestPublicHealthEndpoint" name="test_health_returns_200" time="0.004" /><testcase classname="tests.api.test_health_endpoints.TestPublicHealthEndpoint" name="test_health_returns_json" time="0.004" /><testcase classname="tests.api.test_health_endpoints.TestPublicHealthEndpoint" name="test_health_contains_status" time="0.004" /><testcase classname="tests.api.test_health_endpoints.TestPublicHealthEndpoint" name="test_health_contains_app_name" time="0.004" /><testcase classname="tests.api.test_health_endpoints.TestAPIHealthEndpoint" name="test_api_health_returns_200" time="0.003" /><testcase classname="tests.api.test_health_endpoints.TestAPIHealthEndpoint" name="test_api_health_returns_json" time="0.003" /><testcase classname="tests.api.test_health_endpoints.TestAPIHealthEndpoint" name="test_api_health_contains_status" time="0.004" /><testcase classname="tests.api.test_health_endpoints.TestAPIHealthEndpoint" name="test_api_health_contains_database_status" time="0.003" /><testcase classname="tests.api.test_timeseries_endpoints.TestNationalTimeseriesEndpoint" name="test_timeseries_valid_disease" time="0.007" /><testcase classname="tests.api.test_timeseries_endpoints.TestNationalTimeseriesEndpoint" name="test_timeseries_returns_json" time="0.006" /><testcase classname="tests.api.test_timeseries_endpoints.TestNationalTimeseriesEndpoint" name="test_timeseries_default_granularity" time="0.006" /><testcase classname="tests.api.test_timeseries_endpoints.TestNationalTimeseriesEndpoint" name="test_timeseries_week_granularity" time="0.006" /><testcase classname="tests.api.test_timeseries_endpoints.TestNationalTimeseriesEndpoint" name="test_timeseries_response_structure" time="0.006" /><testcase classname="tests.api.test_timeseries_endpoints.TestNationalTimeseriesEndpoint" name="test_timeseries_data_point_structure" time="0.007" /><testcase classname="tests.api.test_timeseries_endpoints.TestNationalTimeseriesEndpoint" name="test_timeseries_invalid_disease_returns_404" time="0.005" /><testcase classname="tests.api.test_timeseries_endpoints.TestStateTimeseriesEndpoint" name="test_state_timeseries_valid_disease" time="0.009" /><testcase classname="tests.api.test_timeseries_endpoints.TestStateTimeseriesEndpoint" name="test_state_timeseries_response_structure" time="0.009" /><testcase classname="tests.api.test_timeseries_endpoints.TestStateTimeseriesEndpoint" name="test_state_timeseries_has_available_states" time="0.010" /><testcase classname="tests.api.test_timeseries_endpoints.TestStateTimeseriesEndpoint" name="test_state_timeseries_week_granularity" time="0.009" /><testcase classname="tests.api.test_timeseries_endpoints.TestStateTimeseriesEndpoint" name="test_state_timeseries_invalid_disease_returns_404" time="0.006" /><testcase classname="tests.api.test_timeseries_endpoints.TestTimeseriesQueryParameters" name="test_valid_granularities[month]" time="0.006" /><testcase classname="tests.api.test_timeseries_endpoints.TestTimeseriesQueryParameters" name="test_valid_granularities[week]" time="0.006" /><testcase classname="tests.etl.test_config.TestGetTransformer" name="test_tracker_transformer" time="0.001" /><testcase classname="tests.etl.test_config.TestGetTransformer" name="test_nndss_transformer" time="0.001" /><testcase classname="tests.etl.test_config.TestGetTransformer" name="test_invalid_source_raises" time="0.001" /><testcase classname="tests.etl.test_config.TestListSources" name="test_returns_sorted_list" time="0.001" /><testcase classname="tests.etl.test_config.TestListSources" name="test_contains_expected_sources" time="0.001" /><testcase classname="tests.etl.test_etl_integration.TestETLToDuckDBIntegration" name="test_database_initialized_after_load" time="0.001" /><testcase classname="tests.etl.test_etl_integration.TestETLToDuckDBIntegration" name="test_tracker_diseases_queryable" time="0.002" /><testcase classname="tests.etl.test_etl_integration.TestETLToDuckDBIntegration" name="test_nndss_diseases_queryable" time="0.002" /><testcase classname="tests.etl.test_etl_integration.TestETLToDuckDBIntegration" name="test_combined_diseases_from_both_sources" time="0.003" /><testcase classname="tests.etl.test_etl_integration.TestETLToDuckDBIntegration" name="test_get_diseases_with_slugs" time="0.002" /><testcase classname="tests.etl.test_etl_integration.TestETLToDuckDBIntegration" name="test_disease_slug_lookup_works" time="0.003" /><testcase classname="tests.etl.test_etl_integration.TestETLToDuckDBIntegration" name="test_get_states_from_data" time="0.002" /><testcase classname="tests.etl.test_etl_integration.TestETLToDuckDBIntegration" name="test_summary_stats_include_counts" time="0.009" /><testcase classname="tests.etl.test_etl_integration.TestETLToDuckDBIntegration" name="test_summary_stats_include_date_range" time="0.008" /><testcase classname="tests.etl.test_etl_integration.TestETLToDuckDBIntegration" name="test_national_timeseries_query" time="0.002" /><testcase classname="tests.etl.test_etl_integration.TestETLToDuckDBIntegration" name="test_state_timeseries_query" time="0.004" /><testcase classname="tests.etl.test_etl_integration.TestETLToDuckDBIntegration" name="test_disease_stats_query" time="0.008" /><testcase classname="tests.etl.test_etl_integration.TestETLToDuckDBIntegration" name="test_age_group_distribution_from_tracker" time="0.005" /><testcase classname="tests.etl.test_etl_integration.TestETLToDuckDBIntegration" name="test_raw_record_count" time="0.001" /><testcase classname="tests.etl.test_etl_integration.TestETLToDuckDBIntegration" name="test_data_sources_in_database" time="0.001" /><testcase classname="tests.etl.test_etl_integration.TestETLDataIntegrity" name="test_no_null_required_fields" time="0.003" /><testcase classname="tests.etl.test_etl_integration.TestETLDataIntegrity" name="test_date_ordering_valid" time="0.001" /><testcase classname="tests.etl.test_etl_integration.TestETLDataIntegrity" name="test_counts_are_non_negative" time="0.001" /><testcase classname="tests.etl.test_etl_integration.TestETLDataIntegrity" name="test_disease_slugs_are_lowercase" time="0.001" /><testcase classname="tests.etl.test_etl_integration.TestETLDataIntegrity" name="test_disease_slugs_no_spaces" time="0.001" /><testcase classname="tests.etl.test_nndss_transformer.TestMMWRWeekConverter" name="test_mmwr_week_start_2024_week1" time="0.001" /><testcase classname="tests.etl.test_nndss_transformer.TestMMWRWeekConverter" name="test_mmwr_week_end_is_saturday" time="0.001" /><testcase classname="tests.etl.test_nndss_transformer.TestMMWRWeekConverter" name="test_mmwr_week_range_is_6_days" time="0.001" /><testcase classname="tests.etl.test_nndss_transformer.TestMMWRWeekConverter" name="test_mmwr_consecutive_weeks_7_days_apart" time="0.001" /><testcase classname="tests.etl.test_nndss_transformer.TestNNDSSTransformer" name="test_load_transforms_to_unified_schema" time="0.030" /><testcase classname="tests.etl.test_nndss_transformer.TestNNDSSTransformer" name="test_data_source_is_nndss" time="0.030" /><testcase classname="tests.etl.test_nndss_transformer.TestNNDSSTransformer" name="test_geo_unit_is_state_only" time="0.030" /><testcase classname="tests.etl.test_nndss_transformer.TestNNDSSTransformer" name="test_state_code_conversion" time="0.029" /><testcase classname="tests.etl.test_nndss_transformer.TestNNDSSTransformer" name="test_null_counts_filtered" time="0.028" /><testcase classname="tests.etl.test_nndss_transformer.TestNNDSSTransformer" name="test_date_columns_present" time="0.029" /><testcase classname="tests.etl.test_nndss_transformer.TestNNDSSTransformer" name="test_date_range_is_valid" time="0.031" /><testcase classname="tests.etl.test_nndss_transformer.TestNNDSSTransformer" name="test_time_unit_is_week" time="0.030" /><testcase classname="tests.etl.test_nndss_transformer.TestNNDSSTransformer" name="test_date_type_is_mmwr" time="0.031" /><testcase classname="tests.etl.test_nndss_transformer.TestNNDSSTransformer" name="test_original_disease_name_preserved" time="0.030" /><testcase classname="tests.etl.test_nndss_transformer.TestNNDSSTransformer" name="test_disease_slug_generated" time="0.029" /><testcase classname="tests.etl.test_nndss_transformer.TestNNDSSTransformer" name="test_disease_subtype_column_present" time="0.028" /><testcase classname="tests.etl.test_nndss_transformer.TestNNDSSTransformer" name="test_measles_aggregation" time="0.030" /><testcase classname="tests.etl.test_nndss_transformer.TestNNDSSTransformer" name="test_meningococcal_subtype_extraction" time="0.030" /><testcase classname="tests.etl.test_nndss_transformer.TestNNDSSTransformer" name="test_meningococcal_all_serogroups_no_subtype" time="0.030" /><testcase classname="tests.etl.test_normalizers.TestSlugify" name="test_basic_slugify" time="0.001" /><testcase classname="tests.etl.test_normalizers.TestSlugify" name="test_removes_punctuation" time="0.001" /><testcase classname="tests.etl.test_normalizers.TestSlugify" name="test_handles_case" time="0.001" /><testcase classname="tests.etl.test_normalizers.TestSlugify" name="test_collapses_whitespace" time="0.001" /><testcase classname="tests.etl.test_normalizers.TestSlugify" name="test_underscores_to_hyphens" time="0.001" /><testcase classname="tests.etl.test_normalizers.TestSlugify" name="test_none_returns_none" time="0.001" /><testcase classname="tests.etl.test_normalizers.TestSlugify" name="test_nan_returns_none" time="0.001" /><testcase classname="tests.etl.test_normalizers.TestSlugify" name="test_empty_returns_none" time="0.001" /><testcase classname="tests.etl.test_normalizers.TestSlugify" name="test_state_codes" time="0.001" /><testcase classname="tests.etl.test_normalizers.TestSlugify" name="test_serogroups" time="0.001" /><testcase classname="tests.etl.test_normalizers.TestClassifyGeoUnit" name="test_national_level" time="0.001" /><testcase classname="tests.etl.test_normalizers.TestClassifyGeoUnit" name="test_national_with_punctuation" time="0.001" /><testcase classname="tests.etl.test_normalizers.TestClassifyGeoUnit" name="test_region_level" time="0.001" /><testcase classname="tests.etl.test_normalizers.TestClassifyGeoUnit" name="test_state_level" time="0.001" /><testcase classname="tests.etl.test_normalizers.TestClassifyGeoUnit" name="test_empty_returns_state" time="0.001" /><testcase classname="tests.etl.test_normalizers.TestClassifyGeoUnit" name="test_none_returns_state" time="0.001" /><testcase classname="tests.etl.test_normalizers.TestGetDisplayName" name="test_known_disease" time="0.001" /><testcase classname="tests.etl.test_normalizers.TestGetDisplayName" name="test_unknown_disease_titlecase" time="0.001" /><testcase classname="tests.etl.test_normalizers.TestSlugConstants" name="test_national_slugs_are_slugified" time="0.001" /><testcase classname="tests.etl.test_normalizers.TestSlugConstants" name="test_region_slugs_are_slugified" time="0.001" /><testcase classname="tests.etl.test_normalizers.TestSlugConstants" name="test_expected_national_slugs" time="0.001" /><testcase classname="tests.etl.test_normalizers.TestSlugConstants" name="test_expected_region_slugs" time="0.001" /><testcase classname="tests.etl.test_schema.TestSchemaConstants" name="test_required_columns_exist" time="0.001" /><testcase classname="tests.etl.test_schema.TestSchemaConstants" name="test_nullable_columns_subset" time="0.001" /><testcase classname="tests.etl.test_schema.TestSchemaConstants" name="test_required_non_null_computed" time="0.001" /><testcase classname="tests.etl.test_schema.TestValidateDataframe" name="test_missing_columns" time="0.001" /><testcase classname="tests.etl.test_schema.TestValidateDataframe" name="test_null_in_required_column" time="0.005" /><testcase classname="tests.etl.test_schema.TestValidateDataframe" name="test_extra_columns_no_error" time="0.004" /><testcase classname="tests.etl.test_schema.TestValidateDataframe" name="test_valid_dataframe" time="0.006" /><testcase classname="tests.etl.test_tracker_transformer.TestTrackerTransformer" name="test_load_transforms_to_unified_schema" time="0.024" /><testcase classname="tests.etl.test_tracker_transformer.TestTrackerTransformer" name="test_data_source_is_tracker" time="0.023" /><testcase classname="tests.etl.test_tracker_transformer.TestTrackerTransformer" name="test_loads_multiple_states" time="0.024" /><testcase classname="tests.etl.test_tracker_transformer.TestTrackerTransformer" name="test_original_disease_name_preserved" time="0.024" /><testcase classname="tests.etl.test_tracker_transformer.TestTrackerTransformer" name="test_disease_slug_generated" time="0.023" /><testcase classname="tests.etl.test_tracker_transformer.TestTrackerTransformer" name="test_date_columns_present" time="0.022" /><testcase classname="tests.etl.test_tracker_transformer.TestTrackerTransformer" name="test_age_group_present" time="0.024" /><testcase classname="tests.etl.test_tracker_transformer.TestTrackerTransformer" name="test_geo_unit_is_state" time="0.025" /><testcase classname="tests.etl.test_tracker_transformer.TestTrackerTransformer" name="test_selects_latest_file_per_state" time="0.020" /><testcase classname="tests.etl.test_tracker_transformer.TestTrackerTransformer" name="test_empty_directory_returns_empty_dataframe" time="0.002" /><testcase classname="tests.html.test_html_fragments.TestDiseaseCardsFragment" name="test_returns_html" time="0.031" /><testcase classname="tests.html.test_html_fragments.TestDiseaseCardsFragment" name="test_contains_disease_links" time="0.018" /><testcase classname="tests.html.test_html_fragments.TestDiseaseCardsFragment" name="test_displays_disease_names" time="0.016" /><testcase classname="tests.html.test_html_fragments.TestDiseaseStatsFragment" name="test_returns_html" time="0.019" /><testcase classname="tests.html.test_html_fragments.TestDiseaseStatsFragment" name="test_invalid_disease_returns_404" time="0.007" /><testcase classname="tests.html.test_html_fragments.TestTimeseriesFragment" name="test_returns_html" time="0.013" /><testcase classname="tests.html.test_html_fragments.TestTimeseriesFragment" name="test_granularity_parameter" time="0.011" /><testcase classname="tests.html.test_html_fragments.TestTimeseriesFragment" name="test_invalid_disease_returns_404" time="0.006" /><testcase classname="tests.html.test_html_fragments.TestAgeGroupFragment" name="test_returns_html" time="0.014" /><testcase classname="tests.html.test_html_fragments.TestAgeGroupFragment" name="test_invalid_disease_returns_404" time="0.007" /><testcase classname="tests.html.test_page_rendering.TestLandingPage" name="test_returns_html" time="0.017" /><testcase classname="tests.html.test_page_rendering.TestLandingPage" name="test_has_html_structure" time="0.004" /><testcase classname="tests.html.test_page_rendering.TestLandingPage" name="test_has_htmx_trigger" time="0.004" /><testcase classname="tests.html.test_page_rendering.TestLandingPage" name="test_has_page_title" time="0.004" /><testcase classname="tests.html.test_page_rendering.TestLandingPage" name="test_loads_htmx_library" time="0.004" /><testcase classname="tests.html.test_page_rendering.TestDiseaseDetailPage" name="test_returns_html" time="0.014" /><testcase classname="tests.html.test_page_rendering.TestDiseaseDetailPage" name="test_contains_disease_name" time="0.007" /><testcase classname="tests.html.test_page_rendering.TestDiseaseDetailPage" name="test_has_htmx_triggers" time="0.008" /><testcase classname="tests.html.test_page_rendering.TestDiseaseDetailPage" name="test_invalid_disease_returns_404" time="0.006" /><testcase classname="tests.html.test_page_rendering.TestDiseaseDetailPage" name="test_404_has_error_message" time="0.006" /><testcase classname="tests.html.test_page_rendering.TestDiseaseDetailPage" name="test_has_back_navigation" time="0.007" /><testcase classname="tests.html.test_page_rendering.TestHTMLResponseHeaders" name="test_content_type_is_html" time="0.004" /><testcase classname="tests.html.test_page_rendering.TestHTMLResponseHeaders" name="test_charset_is_utf8" time="0.004" /><testcase classname="tests.test_database.TestUninitializedDatabase" name="test_get_diseases_returns_empty" time="0.001" /><testcase classname="tests.test_database.TestUninitializedDatabase" name="test_get_diseases_with_source_returns_empty" time="0.001" /><testcase classname="tests.test_database.TestUninitializedDatabase" name="test_get_diseases_with_slugs_returns_empty" time="0.001" /><testcase classname="tests.test_database.TestUninitializedDatabase" name="test_get_disease_name_by_slug_returns_none" time="0.001" /><testcase classname="tests.test_database.TestUninitializedDatabase" name="test_get_states_returns_empty" time="0.001" /><testcase classname="tests.test_database.TestUninitializedDatabase" name="test_get_summary_stats_returns_empty" time="0.001" /><testcase classname="tests.test_database.TestUninitializedDatabase" name="test_get_disease_totals_returns_empty" time="0.001" /><testcase classname="tests.test_database.TestUninitializedDatabase" name="test_get_national_timeseries_returns_empty" time="0.001" /><testcase classname="tests.test_database.TestUninitializedDatabase" name="test_get_disease_stats_returns_empty" time="0.001" /><testcase classname="tests.test_database.TestUninitializedDatabase" name="test_get_age_group_distribution_returns_empty" time="0.001" /><testcase classname="tests.test_database.TestUninitializedDatabase" name="test_get_timeseries_by_state_returns_empty" time="0.001" /><testcase classname="tests.test_database.TestUninitializedDatabase" name="test_get_serotype_distribution_returns_empty" time="0.001" /><testcase classname="tests.test_database.TestUninitializedDatabase" name="test_is_initialized_false" time="0.001" /><testcase classname="tests.test_database.TestDataSourceFilters" name="test_get_diseases_with_tracker_source" time="0.002" /><testcase classname="tests.test_database.TestDataSourceFilters" name="test_get_diseases_with_nndss_source" time="0.002" /><testcase classname="tests.test_database.TestDataSourceFilters" name="test_get_diseases_with_slugs_tracker_source" time="0.003" /><testcase classname="tests.test_database.TestDataSourceFilters" name="test_get_states_with_source" time="0.002" /><testcase classname="tests.test_database.TestDataSourceFilters" name="test_get_summary_stats_with_source" time="0.004" /><testcase classname="tests.test_database.TestDataSourceFilters" name="test_get_disease_totals_with_source" time="0.002" /><testcase classname="tests.test_database.TestDataSourceFilters" name="test_get_national_timeseries_with_source" time="0.002" /><testcase classname="tests.test_database.TestDataSourceFilters" name="test_get_disease_stats_with_source" time="0.003" /><testcase classname="tests.test_database.TestDataSourceFilters" name="test_get_age_distribution_with_source" time="0.003" /><testcase classname="tests.test_database.TestDataSourceFilters" name="test_get_timeseries_by_state_with_source" time="0.003" /><testcase classname="tests.test_database.TestDataSourceFilters" name="test_get_serotype_distribution_with_source" time="0.009" /></testsuite></testsuites>